IQ-TREE multicore version 2.2.0 COVID-edition for Windows 64-bit built Jun  1 2022
Developed by Bui Quang Minh, James Barbetti, Nguyen Lam Tung,
Olga Chernomor, Heiko Schmidt, Dominik Schrempf, Michael Woodhams, Ly Trong Nhan.

Host:    DESKTOP-0JHL2LP (AVX2, FMA3, 7 GB RAM)
Command: C:\Users\Usuario\Desktop\iqtree-2.2.0-Windows\iqtree-2.2.0-Windows\bin\iqtree2.exe -s Sna-LizBMP2.aln-fasta -B 1000
Seed:    217608 (Using SPRNG - Scalable Parallel Random Number Generator)
Time:    Tue Jun 25 13:52:37 2024
Kernel:  AVX+FMA - 1 threads (4 CPU cores detected)

HINT: Use -nt option to specify number of threads because your CPU has 4 cores!
HINT: -nt AUTO will automatically determine the best number of threads to use.

Reading alignment file Sna-LizBMP2.aln-fasta ... Fasta format detected
Reading fasta file: done in 0.006916 secs
Alignment most likely contains DNA/RNA sequences
Constructing alignment: done in 0.0145912 secs using 107.1% CPU
Alignment has 28 sequences with 7069 columns, 2821 distinct patterns
1805 parsimony-informative, 1470 singleton sites, 3794 constant sites
                              Gap/Ambiguity  Composition  p-value
Analyzing sequences: done in 0.0005261 secs
   1  Gekko_japonicus                80.55%    failed      0.00%
   2  Bufo_bufo                      58.21%    failed      0.00%
   3  Protobothrops_mucrosquamatus   70.51%    failed      0.17%
   4  Crotalus_tigris                70.49%    failed      0.05%
   5  Thamnophis_sirtalis            55.41%    failed      0.46%
   6  Thamnophis_elegans             53.73%    failed      0.10%
   7  Notechis_scutatus              81.45%    passed     83.06%
   8  Pseudonaja_textilis            70.99%    failed      0.04%
   9  Pantherophis_guttatus          55.54%    failed      0.44%
  10  Ahaetulla_prasina              59.99%    passed     14.60%
  11  Python_bivittatus              62.09%    passed     47.32%
  12  Candoia_aspera                 54.72%    failed      0.02%
  13  Eublepharis_macularius         58.34%    failed      0.02%
  14  Heteronotia_binoei             68.20%    failed      1.11%
  15  Sphaerodactylus_townsendi      59.63%    failed      0.00%
  16  Euleptes_europaea              83.02%    passed      6.05%
  17  Anolis_carolinensis            59.94%    passed     99.68%
  18  Anolis_sagrei                  60.76%    passed     36.10%
  19  Pogona_vitticeps               56.67%    failed      0.01%
  20  Sceloporus_undulatus           57.28%    failed      0.00%
  21  Hemicordylus_capensis          51.95%    passed     81.01%
  22  Varanus_komodoensis            66.08%    failed      0.06%
  23  Elgaria_multicarinata          65.87%    passed      5.61%
  24  Rhineura_floridana             34.73%    failed      0.00%
  25  Podarcis_muralis               52.34%    failed      0.00%
  26  Podarcis_raffonei              49.92%    failed      0.00%
  27  Lacerta_agilis                 71.47%    passed     69.52%
  28  Zootoca_vivipara               52.16%    failed      0.01%
WARNING: 26 sequences contain more than 50% gaps/ambiguity
****  TOTAL                          61.50%  19 sequences failed composition chi2 test (p-value<5%; df=3)
Checking for duplicate sequences: done in 0.0020181 secs


Create initial parsimony tree by phylogenetic likelihood library (PLL)... 0.023 seconds
Perform fast likelihood tree search using GTR+I+G model...
Estimate model parameters (epsilon = 5.000)
Perform nearest neighbor interchange...
Optimizing NNI: done in 0.256646 secs using 91.32% CPU
Estimate model parameters (epsilon = 1.000)
1. Initial log-likelihood: -38439.429
2. Current log-likelihood: -38437.616
3. Current log-likelihood: -38436.285
Optimal log-likelihood: -38435.290
Rate parameters:  A-C: 1.24644  A-G: 2.86324  A-T: 0.71760  C-G: 1.57739  C-T: 3.73795  G-T: 1.00000
Base frequencies:  A: 0.265  C: 0.247  G: 0.243  T: 0.246
Proportion of invariable sites: 0.131
Gamma shape alpha: 0.847
Parameters optimization took 3 rounds (0.256 sec)
Time for fast ML tree search: 1.484 seconds

NOTE: ModelFinder requires 36 MB RAM!
ModelFinder will test up to 484 DNA models (sample size: 7069) ...
 No. Model         -LnL         df  AIC          AICc         BIC
  1  GTR+F         40093.681    61  80309.362    80310.442    80728.034
  2  GTR+F+I       39135.321    62  78394.643    78395.758    78820.178
  3  GTR+F+G4      38432.104    62  76988.209    76989.324    77413.744
  4  GTR+F+I+G4    38430.986    63  76987.972    76989.123    77420.370
  5  GTR+F+R2      38547.175    63  77220.349    77221.501    77652.748
  6  GTR+F+R3      38434.121    65  76998.242    76999.467    77444.368
  7  GTR+F+R4      38429.088    67  76992.175    76993.477    77452.028
 14  GTR+F+I+I+R2  38456.674    64  77041.347    77042.535    77480.610
 15  GTR+F+I+I+R3  38428.450    66  76988.901    76990.164    77441.890
 16  GTR+F+I+I+R4  38427.221    68  76990.442    76991.783    77457.158
 25  SYM+G4        38434.848    59  76987.695    76988.705    77392.640
 26  SYM+I+G4      38434.242    60  76988.483    76989.528    77400.292
 47  TVM+F+G4      38443.828    61  77009.655    77010.735    77428.327
 48  TVM+F+I+G4    38443.510    62  77011.020    77012.135    77436.555
 69  TVMe+G4       38442.114    58  77000.229    77001.205    77398.310
 70  TVMe+I+G4     38442.040    59  77002.080    77003.090    77407.025
 91  TIM3+F+G4     38443.316    60  77006.632    77007.677    77418.441
 92  TIM3+F+I+G4   38442.617    61  77007.234    77008.313    77425.906
113  TIM3e+G4      38439.427    57  76992.854    76993.797    77384.072
114  TIM3e+I+G4    38439.047    58  76994.094    76995.071    77392.176
135  TIM2+F+G4     38469.803    60  77059.607    77060.651    77471.415
136  TIM2+F+I+G4   38468.287    61  77058.575    77059.654    77477.247
157  TIM2e+G4      38473.109    57  77060.218    77061.161    77451.436
158  TIM2e+I+G4    38472.034    58  77060.069    77061.045    77458.150
179  TIM+F+G4      38480.465    60  77080.929    77081.974    77492.737
180  TIM+F+I+G4    38479.238    61  77080.477    77081.556    77499.149
201  TIMe+G4       38477.223    57  77068.445    77069.388    77459.663
202  TIMe+I+G4     38476.259    58  77068.518    77069.494    77466.599
223  TPM3u+F+G4    38455.230    59  77028.461    77029.471    77433.406
224  TPM3u+F+I+G4  38455.248    60  77030.496    77031.541    77442.305
245  TPM3+G4       38446.599    56  77005.197    77006.108    77389.552
246  TPM3+I+G4     38446.753    57  77007.505    77008.448    77398.723
267  TPM2u+F+G4    38481.531    59  77081.062    77082.073    77486.007
268  TPM2u+F+I+G4  38480.797    60  77081.594    77082.638    77493.402
289  TPM2+G4       38480.299    56  77072.599    77073.509    77456.953
290  TPM2+I+G4     38479.797    57  77073.594    77074.538    77464.813
311  K3Pu+F+G4     38492.271    59  77102.542    77103.552    77507.487
312  K3Pu+F+I+G4   38491.844    60  77103.688    77104.732    77515.496
333  K3P+G4        38484.320    56  77080.641    77081.551    77464.995
334  K3P+I+G4      38484.018    57  77082.036    77082.980    77473.254
355  TN+F+G4       38480.468    59  77078.936    77079.946    77483.881
356  TN+F+I+G4     38479.250    60  77078.499    77079.544    77490.308
377  TNe+G4        38477.225    56  77066.450    77067.360    77450.805
378  TNe+I+G4      38476.259    57  77066.518    77067.461    77457.736
399  HKY+F+G4      38492.274    58  77100.549    77101.525    77498.630
400  HKY+F+I+G4    38491.852    59  77101.705    77102.715    77506.650
421  K2P+G4        38484.323    55  77078.645    77079.524    77456.136
422  K2P+I+G4      38484.018    56  77080.037    77080.947    77464.391
443  F81+F+G4      39081.019    57  78276.037    78276.980    78667.255
444  F81+F+I+G4    39077.067    58  78270.133    78271.109    78668.215
465  JC+G4         39074.881    54  78257.762    78258.609    78628.390
466  JC+I+G4       39071.083    55  78252.166    78253.044    78629.657
Akaike Information Criterion:           SYM+G4
Corrected Akaike Information Criterion: SYM+G4
Bayesian Information Criterion:         TIM3e+G4
Best-fit model: TIM3e+G4 chosen according to BIC

All model information printed to Sna-LizBMP2.aln-fasta.model.gz
CPU time for ModelFinder: 33.812 seconds (0h:0m:33s)
Wall-clock time for ModelFinder: 35.557 seconds (0h:0m:35s)
Generating 1000 samples for ultrafast bootstrap (seed: 217608)...

NOTE: 21 MB RAM (0 GB) is required!
Estimate model parameters (epsilon = 0.100)
1. Initial log-likelihood: -38439.427
Optimal log-likelihood: -38439.418
Rate parameters:  A-C: 1.68140  A-G: 3.56535  A-T: 1.00000  C-G: 1.68140  C-T: 4.35859  G-T: 1.00000
Base frequencies:  A: 0.250  C: 0.250  G: 0.250  T: 0.250
Gamma shape alpha: 0.540
Parameters optimization took 1 rounds (0.152 sec)
Wrote distance file to... 
Computing ML distances based on estimated model parameters...
Calculating distance matrix: done in 0.0152087 secs
Computing ML distances took 0.042516 sec (of wall-clock time) 0.000000 sec (of CPU time)
Setting up auxiliary I and S matrices: done in 0.0003993 secs
Constructing RapidNJ tree: done in 0.0009163 secs using 1705% CPU
Computing RapidNJ tree took 0.019461 sec (of wall-clock time) 0.015625 sec (of CPU time)
Log-likelihood of RapidNJ tree: -38826.761
--------------------------------------------------------------------
|             INITIALIZING CANDIDATE TREE SET                      |
--------------------------------------------------------------------
Generating 98 parsimony trees... 1.530 second
Computing log-likelihood of 98 initial trees ... 1.842 seconds
Current best score: -38439.418

Do NNI search on 20 best initial trees
Optimizing NNI: done in 0.11875 secs using 78.95% CPU
Estimate model parameters (epsilon = 0.100)
BETTER TREE FOUND at iteration 1: -38439.415
Optimizing NNI: done in 0.471227 secs using 96.16% CPU
Estimate model parameters (epsilon = 0.100)
BETTER TREE FOUND at iteration 2: -38432.426
Optimizing NNI: done in 0.488971 secs using 95.86% CPU
Optimizing NNI: done in 0.484709 secs using 93.48% CPU
Optimizing NNI: done in 0.42203 secs using 88.86% CPU
Estimate model parameters (epsilon = 0.100)
BETTER TREE FOUND at iteration 5: -38430.985
Optimizing NNI: done in 0.469643 secs using 99.81% CPU
Optimizing NNI: done in 0.559947 secs using 100.5% CPU
Optimizing NNI: done in 0.63357 secs using 98.65% CPU
Optimizing NNI: done in 0.546644 secs using 97.18% CPU
Optimizing NNI: done in 0.491761 secs using 95.32% CPU
Iteration 10 / LogL: -38432.616 / Time: 0h:0m:9s
Optimizing NNI: done in 0.503496 secs using 99.31% CPU
Optimizing NNI: done in 0.50768 secs using 92.33% CPU
Optimizing NNI: done in 0.45738 secs using 92.24% CPU
Optimizing NNI: done in 0.380629 secs using 98.52% CPU
Optimizing NNI: done in 0.377183 secs using 99.42% CPU
Optimizing NNI: done in 0.544153 secs using 94.76% CPU
Optimizing NNI: done in 0.450546 secs using 100.6% CPU
Optimizing NNI: done in 0.505762 secs using 95.77% CPU
Optimizing NNI: done in 0.429852 secs using 94.51% CPU
Optimizing NNI: done in 0.493576 secs using 94.97% CPU
Iteration 20 / LogL: -38431.235 / Time: 0h:0m:14s
Finish initializing candidate tree set (6)
Current best tree score: -38430.985 / CPU time: 13.447
Number of iterations: 20
--------------------------------------------------------------------
|               OPTIMIZING CANDIDATE TREE SET                      |
--------------------------------------------------------------------
Optimizing NNI: done in 0.279205 secs using 95.14% CPU
Optimizing NNI: done in 0.486424 secs using 96.37% CPU
Optimizing NNI: done in 0.304633 secs using 76.94% CPU
Optimizing NNI: done in 0.428126 secs using 94.89% CPU
Optimizing NNI: done in 0.257421 secs using 91.05% CPU
Optimizing NNI: done in 0.297669 secs using 99.73% CPU
Optimizing NNI: done in 0.429707 secs using 94.54% CPU
Optimizing NNI: done in 0.34124 secs using 96.16% CPU
Optimizing NNI: done in 0.355581 secs using 101.1% CPU
Optimizing NNI: done in 0.300871 secs using 88.29% CPU
Iteration 30 / LogL: -38432.489 / Time: 0h:0m:18s (0h:0m:46s left)
Optimizing NNI: done in 0.308885 secs using 96.11% CPU
Optimizing NNI: done in 0.194235 secs using 96.53% CPU
Optimizing NNI: done in 0.4153 secs using 101.6% CPU
Optimizing NNI: done in 0.312409 secs using 100% CPU
Optimizing NNI: done in 0.279758 secs using 100.5% CPU
Optimizing NNI: done in 0.278743 secs using 89.69% CPU
Optimizing NNI: done in 0.322936 secs using 101.6% CPU
Optimizing NNI: done in 0.282352 secs using 88.54% CPU
Optimizing NNI: done in 0.359924 secs using 99.85% CPU
Optimizing NNI: done in 0.302313 secs using 98.2% CPU
Iteration 40 / LogL: -38434.672 / Time: 0h:0m:21s (0h:0m:35s left)
Optimizing NNI: done in 0.354896 secs using 79.25% CPU
Optimizing NNI: done in 0.322659 secs using 101.7% CPU
Optimizing NNI: done in 0.304984 secs using 97.34% CPU
Optimizing NNI: done in 0.295987 secs using 89.74% CPU
Optimizing NNI: done in 0.387843 secs using 96.69% CPU
Optimizing NNI: done in 0.373822 secs using 100.3% CPU
Optimizing NNI: done in 0.455233 secs using 99.54% CPU
Optimizing NNI: done in 0.286281 secs using 92.78% CPU
Optimizing NNI: done in 0.293479 secs using 95.83% CPU
Optimizing NNI: done in 0.329282 secs using 94.9% CPU
Iteration 50 / LogL: -38433.895 / Time: 0h:0m:24s (0h:0m:28s left)
Log-likelihood cutoff on original alignment: -38463.145
Optimizing NNI: done in 0.308052 secs using 86.23% CPU
Optimizing NNI: done in 0.346148 secs using 81.25% CPU
Optimizing NNI: done in 0.420945 secs using 77.95% CPU
Optimizing NNI: done in 0.272389 secs using 80.31% CPU
Optimizing NNI: done in 0.221979 secs using 84.47% CPU
Optimizing NNI: done in 0.325211 secs using 96.09% CPU
Optimizing NNI: done in 0.349512 secs using 98.35% CPU
Optimizing NNI: done in 0.316933 secs using 88.74% CPU
Optimizing NNI: done in 0.251861 secs using 93.06% CPU
Optimizing NNI: done in 0.433334 secs using 97.36% CPU
Iteration 60 / LogL: -38432.542 / Time: 0h:0m:28s (0h:0m:21s left)
Optimizing NNI: done in 0.292424 secs using 96.18% CPU
Optimizing NNI: done in 0.209591 secs using 89.46% CPU
Optimizing NNI: done in 0.330905 secs using 89.72% CPU
Optimizing NNI: done in 0.267855 secs using 93.33% CPU
Optimizing NNI: done in 0.24492 secs using 89.31% CPU
Optimizing NNI: done in 0.360442 secs using 95.37% CPU
Optimizing NNI: done in 0.232852 secs using 80.52% CPU
Optimizing NNI: done in 0.277401 secs using 90.12% CPU
Optimizing NNI: done in 0.363777 secs using 98.79% CPU
Optimizing NNI: done in 0.470303 secs using 99.67% CPU
Iteration 70 / LogL: -38436.408 / Time: 0h:0m:31s (0h:0m:16s left)
Optimizing NNI: done in 0.552903 secs using 98.91% CPU
Optimizing NNI: done in 0.620266 secs using 95.72% CPU
Optimizing NNI: done in 0.609976 secs using 89.66% CPU
Optimizing NNI: done in 0.754595 secs using 91.11% CPU
Optimizing NNI: done in 0.689726 secs using 77.02% CPU
Optimizing NNI: done in 0.521868 secs using 83.83% CPU
Optimizing NNI: done in 0.411353 secs using 83.57% CPU
Optimizing NNI: done in 0.576064 secs using 86.8% CPU
Optimizing NNI: done in 0.452842 secs using 93.16% CPU
Optimizing NNI: done in 0.32604 secs using 100.6% CPU
Iteration 80 / LogL: -38433.786 / Time: 0h:0m:37s (0h:0m:11s left)
Optimizing NNI: done in 0.456378 secs using 95.86% CPU
Optimizing NNI: done in 0.291215 secs using 91.21% CPU
Optimizing NNI: done in 0.281633 secs using 94.32% CPU
Optimizing NNI: done in 0.331949 secs using 98.85% CPU
Optimizing NNI: done in 0.321006 secs using 97.35% CPU
Optimizing NNI: done in 0.506775 secs using 98.66% CPU
Optimizing NNI: done in 0.277883 secs using 84.34% CPU
Optimizing NNI: done in 0.360619 secs using 99.66% CPU
Optimizing NNI: done in 0.37447 secs using 100.1% CPU
Optimizing NNI: done in 0.377538 secs using 103.5% CPU
Iteration 90 / LogL: -38433.163 / Time: 0h:0m:41s (0h:0m:6s left)
Optimizing NNI: done in 0.298545 secs using 99.44% CPU
Optimizing NNI: done in 0.296314 secs using 100.2% CPU
Optimizing NNI: done in 0.304044 secs using 102.8% CPU
Optimizing NNI: done in 0.242997 secs using 102.9% CPU
Optimizing NNI: done in 0.282241 secs using 105.2% CPU
Optimizing NNI: done in 0.453677 secs using 92.99% CPU
Optimizing NNI: done in 0.333383 secs using 103.1% CPU
Optimizing NNI: done in 0.384232 secs using 97.6% CPU
Optimizing NNI: done in 0.234908 secs using 99.77% CPU
Optimizing NNI: done in 0.234111 secs using 86.76% CPU
Iteration 100 / LogL: -38432.124 / Time: 0h:0m:44s (0h:0m:2s left)
Log-likelihood cutoff on original alignment: -38463.567
NOTE: Bootstrap correlation coefficient of split occurrence frequencies: 1.000
Optimizing NNI: done in 0.293474 secs using 95.83% CPU
Optimizing NNI: done in 0.344632 secs using 95.21% CPU
Optimizing NNI: done in 0.231308 secs using 94.57% CPU
Optimizing NNI: done in 0.555064 secs using 95.71% CPU
Optimizing NNI: done in 0.405836 secs using 88.55% CPU
Optimizing NNI: done in 0.230582 secs using 94.87% CPU
TREE SEARCH COMPLETED AFTER 106 ITERATIONS / Time: 0h:0m:47s

--------------------------------------------------------------------
|                    FINALIZING TREE SEARCH                        |
--------------------------------------------------------------------
Performs final model parameters optimization
Estimate model parameters (epsilon = 0.010)
1. Initial log-likelihood: -38430.985
Optimal log-likelihood: -38430.979
Rate parameters:  A-C: 1.68553  A-G: 3.56143  A-T: 1.00000  C-G: 1.68553  C-T: 4.36500  G-T: 1.00000
Base frequencies:  A: 0.250  C: 0.250  G: 0.250  T: 0.250
Gamma shape alpha: 0.543
Parameters optimization took 1 rounds (0.130 sec)
BEST SCORE FOUND : -38430.979
Creating bootstrap support values...
Split supports printed to NEXUS file Sna-LizBMP2.aln-fasta.splits.nex
Total tree length: 9.691

Total number of iterations: 106
CPU time used for tree search: 42.625 sec (0h:0m:42s)
Wall-clock time used for tree search: 46.146 sec (0h:0m:46s)
Total CPU time used: 43.688 sec (0h:0m:43s)
Total wall-clock time used: 47.528 sec (0h:0m:47s)

Computing bootstrap consensus tree...
Reading input file Sna-LizBMP2.aln-fasta.splits.nex...
28 taxa and 129 splits.
Consensus tree written to Sna-LizBMP2.aln-fasta.contree
Reading input trees file Sna-LizBMP2.aln-fasta.contree
Log-likelihood of consensus tree: -38430.979

Analysis results written to: 
  IQ-TREE report:                Sna-LizBMP2.aln-fasta.iqtree
  Maximum-likelihood tree:       Sna-LizBMP2.aln-fasta.treefile
  Likelihood distances:          Sna-LizBMP2.aln-fasta.mldist

Ultrafast bootstrap approximation results written to:
  Split support values:          Sna-LizBMP2.aln-fasta.splits.nex
  Consensus tree:                Sna-LizBMP2.aln-fasta.contree
  Screen log file:               Sna-LizBMP2.aln-fasta.log

Date and Time: Tue Jun 25 13:54:01 2024
